TN:
SF:/home/evil/Studia/Przedmioty/WdP/I/main.c
FN:48,main
FNDA:1,main
FNF:1
FNH:1
BRDA:57,1,0,1000000
BRDA:57,1,1,1
BRDA:61,0,0,10
BRDA:61,0,1,1
BRDA:66,0,0,10000000
BRDA:66,0,1,10
BRDA:70,1,0,100
BRDA:70,1,1,10
BRDA:73,2,0,100000000
BRDA:73,2,1,100
BRDA:79,1,0,9000
BRDA:79,1,1,100
BRDA:85,2,0,100000000
BRDA:85,2,1,100
BRDA:90,1,0,99999900
BRDA:90,1,1,100
BRDA:100,1,0,10000000
BRDA:100,1,1,10
BRDA:103,0,0,9999990
BRDA:103,0,1,10
BRDA:103,1,2,2924872
BRDA:103,1,3,7075118
BRF:22
BRH:22
DA:48,1
DA:52,1
DA:53,1
DA:54,1
DA:55,1
DA:56,1
DA:57,1000001
DA:59,1000000
DA:61,11
DA:64,10
DA:65,10
DA:66,10000010
DA:68,10000000
DA:70,110
DA:73,100000100
DA:77,100000000
DA:79,9100
DA:83,9000
DA:85,100000100
DA:88,100000000
DA:90,100000000
DA:96,100
DA:97,100
DA:98,100
DA:100,10000011
DA:103,10000000
DA:104,2924872
DA:107,7075128
DA:108,7075128
DA:112,1
DA:113,1
DA:114,1
DA:115,1
DA:117,1
LF:34
LH:34
end_of_record
SF:/usr/include/bits/stdio2.h
DA:105,7075128
LF:1
LH:1
end_of_record
SF:/usr/include/bits/string3.h
DA:85,110
LF:1
LH:1
end_of_record
