TN:
SF:/home/evil/Studia/Przedmioty/WdP/J/main.c
FN:60,translateInputToInternal
FN:84,shiftRight
FN:106,decodeAny
FN:128,neg
FN:143,inc
FN:155,decodeU2
FN:195,decode
FN:220,encodeToLittleEndianInternal
FN:249,encodeAny
FN:273,encodeU2
FN:313,encode
FN:324,solution
FN:651,main
FNDA:0,translateInputToInternal
FNDA:0,shiftRight
FNDA:0,decodeAny
FNDA:0,neg
FNDA:0,inc
FNDA:0,decodeU2
FNDA:0,decode
FNDA:100000,encodeToLittleEndianInternal
FNDA:0,encodeAny
FNDA:100000,encodeU2
FNDA:100000,encode
FNDA:1,solution
FNDA:1,main
FNF:13
FNH:5
BRDA:62,2,0,-
BRDA:62,2,1,-
BRDA:64,0,0,-
BRDA:64,0,1,-
BRDA:64,1,2,-
BRDA:64,1,3,-
BRDA:88,2,0,-
BRDA:88,2,1,-
BRDA:89,0,0,-
BRDA:89,0,1,-
BRDA:92,2,0,-
BRDA:92,2,1,-
BRDA:94,2,0,-
BRDA:94,2,1,-
BRDA:114,2,0,-
BRDA:114,2,1,-
BRDA:130,1,0,-
BRDA:130,1,1,-
BRDA:145,1,0,-
BRDA:145,1,1,-
BRDA:177,0,0,-
BRDA:177,0,1,-
BRDA:184,9999,0,-
BRDA:184,9999,1,-
BRDA:203,9999,0,-
BRDA:203,9999,1,-
BRDA:205,0,0,-
BRDA:205,0,1,-
BRDA:227,2,0,3100162
BRDA:227,2,1,0
BRDA:229,0,0,100000
BRDA:229,0,1,3000162
BRDA:234,2,0,299838
BRDA:234,2,1,100000
BRDA:236,0,0,0
BRDA:236,0,1,100000
BRDA:251,0,0,-
BRDA:251,0,1,-
BRDA:252,0,0,-
BRDA:252,0,1,-
BRDA:254,0,0,-
BRDA:254,0,1,-
BRDA:258,1,0,-
BRDA:258,1,1,-
BRDA:259,0,0,-
BRDA:259,0,1,-
BRDA:261,1,0,-
BRDA:261,1,1,-
BRDA:262,0,0,-
BRDA:262,0,1,-
BRDA:275,0,0,49875
BRDA:275,0,1,50125
BRDA:276,0,0,49875
BRDA:276,0,1,50125
BRDA:279,9999,0,0
BRDA:279,9999,1,100000
BRDA:285,2,0,399838
BRDA:285,2,1,0
BRDA:286,0,0,100000
BRDA:286,0,1,299838
BRDA:288,0,0,99998
BRDA:288,0,1,2
BRDA:294,2,0,28
BRDA:294,2,1,2
BRDA:296,0,0,0
BRDA:296,0,1,2
BRDA:301,1,0,32
BRDA:301,1,1,2
BRDA:316,0,0,0
BRDA:316,0,1,100000
BRDA:318,0,0,100000
BRDA:318,0,1,0
BRDA:328,0,0,100000
BRDA:328,0,1,1
BRDA:331,9999,0,0
BRDA:331,9999,1,100000
BRDA:338,0,0,100000
BRDA:338,0,1,0
BRDA:350,9999,0,-
BRDA:350,9999,1,-
BRDA:356,0,1,-
BRDA:356,0,2,-
BRF:82
BRH:27
DA:60,0
DA:62,0
DA:64,0
DA:66,0
DA:72,0
DA:75,0
DA:84,0
DA:87,0
DA:88,0
DA:89,0
DA:91,0
DA:92,0
DA:93,0
DA:94,0
DA:95,0
DA:98,0
DA:106,0
DA:112,0
DA:113,0
DA:114,0
DA:116,0
DA:118,0
DA:128,0
DA:130,0
DA:132,0
DA:133,0
DA:135,0
DA:143,0
DA:145,0
DA:146,0
DA:147,0
DA:148,0
DA:155,0
DA:176,0
DA:177,0
DA:179,0
DA:180,0
DA:183,0
DA:184,0
DA:185,0
DA:186,0
DA:195,0
DA:199,0
DA:200,0
DA:202,0
DA:203,0
DA:204,0
DA:205,0
DA:206,0
DA:208,0
DA:220,100000
DA:226,100000
DA:227,3100162
DA:229,3100162
DA:230,100000
DA:231,3000162
DA:232,3000162
DA:234,399838
DA:235,299838
DA:236,100000
DA:237,0
DA:238,100000
DA:249,0
DA:251,0
DA:252,0
DA:253,0
DA:254,0
DA:255,0
DA:256,0
DA:257,0
DA:258,0
DA:259,0
DA:260,0
DA:261,0
DA:262,0
DA:263,0
DA:264,0
DA:273,100000
DA:275,100000
DA:276,100000
DA:277,49875
DA:278,100000
DA:279,100000
DA:281,0
DA:282,0
DA:284,100000
DA:285,399838
DA:286,399838
DA:287,100000
DA:288,100000
DA:290,99998
DA:291,99998
DA:293,2
DA:294,30
DA:295,28
DA:296,2
DA:298,0
DA:299,0
DA:301,34
DA:302,32
DA:303,100000
DA:313,100000
DA:315,100000
DA:316,100000
DA:317,0
DA:318,100000
DA:319,100000
DA:321,0
DA:322,100000
DA:324,1
DA:327,1
DA:328,100001
DA:330,100000
DA:331,100000
DA:333,0
DA:334,0
DA:335,0
DA:336,0
DA:338,100000
DA:341,100000
DA:342,100000
DA:349,0
DA:350,0
DA:351,0
DA:353,0
DA:356,0
DA:359,1
DA:651,1
DA:664,1
DA:668,1
LF:130
LH:49
end_of_record
