TN:
SF:/home/evil/Studia/Przedmioty/WdP/H/main.c
FN:53,lt
FN:59,main
FNDA:500050000,lt
FNDA:1,main
FNF:2
FNH:2
BRDA:55,0,0,499271665
BRDA:55,0,1,778335
BRDA:55,1,2,100946
BRDA:55,1,3,499170719
BRDA:55,2,4,100477
BRDA:55,2,5,469
BRDA:55,3,6,100477
BRDA:55,3,7,499170719
BRDA:56,0,0,100009
BRDA:56,0,1,468
BRDA:56,1,2,2
BRDA:56,1,3,100007
BRDA:65,0,0,10
BRDA:65,0,1,1
BRDA:69,1,0,100000
BRDA:69,1,1,10
BRDA:74,1,0,800017
BRDA:74,1,1,100000
BRDA:77,2,0,100000
BRDA:77,2,1,10
BRDA:81,2,0,500050000
BRDA:81,2,1,100000
BRDA:83,0,1,778806
BRDA:83,0,2,499271194
BRDA:90,1,0,100000
BRDA:90,1,1,10
BRF:26
BRH:26
DA:53,500050000
DA:55,500150477
DA:56,100477
DA:59,1
DA:63,1
DA:64,1
DA:65,11
DA:68,10
DA:69,100010
DA:71,100000
DA:72,100000
DA:73,100000
DA:74,900017
DA:75,100000
DA:77,100010
DA:79,100000
DA:81,500150000
DA:83,500050000
DA:84,778806
DA:86,100000
DA:87,100000
DA:88,100000
DA:90,100010
DA:91,100000
DA:93,1
DA:95,1
LF:26
LH:26
end_of_record
